Determining if the pthread_create exist failed with the following output:
Change Dir: /home/gogagum/CLionProjects/Lab/BinaryHeap/cmake-build-debug/CMakeFiles/CMakeTmp

Run Build Command:"/usr/bin/make" "cmTC_8b550/fast"
/usr/bin/make -f CMakeFiles/cmTC_8b550.dir/build.make CMakeFiles/cmTC_8b550.dir/build
make[1]: вход в каталог «/home/gogagum/CLionProjects/Lab/BinaryHeap/cmake-build-debug/CMakeFiles/CMakeTmp»
Building C object CMakeFiles/cmTC_8b550.dir/CheckSymbolExists.c.o
/usr/bin/cc    -o CMakeFiles/cmTC_8b550.dir/CheckSymbolExists.c.o   -c /home/gogagum/CLionProjects/Lab/BinaryHeap/cmake-build-debug/CMakeFiles/CMakeTmp/CheckSymbolExists.c
Linking C executable cmTC_8b550
/home/gogagum/.local/share/umake/ide/clion/bin/cmake/linux/bin/cmake -E cmake_link_script CMakeFiles/cmTC_8b550.dir/link.txt --verbose=1
/usr/bin/cc      -rdynamic CMakeFiles/cmTC_8b550.dir/CheckSymbolExists.c.o  -o cmTC_8b550 
CMakeFiles/cmTC_8b550.dir/CheckSymbolExists.c.o: In function `main':
CheckSymbolExists.c:(.text+0x16): undefined reference to `pthread_create'
collect2: error: ld returned 1 exit status
CMakeFiles/cmTC_8b550.dir/build.make:86: ошибка выполнения рецепта для цели «cmTC_8b550»
make[1]: *** [cmTC_8b550] Ошибка 1
make[1]: выход из каталога «/home/gogagum/CLionProjects/Lab/BinaryHeap/cmake-build-debug/CMakeFiles/CMakeTmp»
Makefile:121: ошибка выполнения рецепта для цели «cmTC_8b550/fast»
make: *** [cmTC_8b550/fast] Ошибка 2

File /home/gogagum/CLionProjects/Lab/BinaryHeap/cmake-build-debug/CMakeFiles/CMakeTmp/CheckSymbolExists.c:
/* */
#include <pthread.h>

int main(int argc, char** argv)
{
  (void)argv;
#ifndef pthread_create
  return ((int*)(&pthread_create))[argc];
#else
  (void)argc;
  return 0;
#endif
}

